<?xml version="1.0" encoding="UTF-8"?>
<testng-results skipped="0" failed="1" ignored="0" total="2" passed="1">
  <reporter-output>
    <line>
      <![CDATA[[[ChromeDriver: chrome on XP (1e9737995bd651a6c995ca177c514982)] -> xpath: //a[@href='/womens-clothing/sarees/?MID=megamenu_sarees_seeall'][1]]found]]>
    </line>
    <line>
      <![CDATA[[[ChromeDriver: chrome on XP (1e9737995bd651a6c995ca177c514982)] -> xpath: //a[@href='/womens-clothing/sarees/?MID=megamenu_sarees_seeall'][1]] mousehovered]]>
    </line>
    <line>
      <![CDATA[[[ChromeDriver: chrome on XP (ce97d7c987bc60ebced40cfc2128a425)] -> xpath: //a[@href='/womens-clothing/sarees/?MID=megamenu_sarees_seeall'][1]]found]]>
    </line>
    <line>
      <![CDATA[[[ChromeDriver: chrome on XP (ce97d7c987bc60ebced40cfc2128a425)] -> xpath: //a[@href='/womens-clothing/sarees/?MID=megamenu_sarees_seeall'][1]] mousehovered]]>
    </line>
    <line>
      <![CDATA[[[ChromeDriver: chrome on XP (ce97d7c987bc60ebced40cfc2128a425)] -> xpath: //a[@href="https://www.craftsvilla.com/cvfeeds/buy-craftsvilla-women-ethnic-wear-regional-sarees-online"]]found]]>
    </line>
  </reporter-output>
  <suite name="Default suite" duration-ms="31567" started-at="2018-09-08T14:46:37Z" finished-at="2018-09-08T14:47:08Z">
    <groups>
    </groups>
    <test name="Default test" duration-ms="31567" started-at="2018-09-08T14:46:37Z" finished-at="2018-09-08T14:47:08Z">
      <class name="com.craftsville.qa.Test.TestHomepage">
        <test-method status="PASS" signature="initialsetup()[pri:0, instance:com.craftsville.qa.Test.TestHomepage@e25b2fe]" name="initialsetup" is-config="true" duration-ms="14386" started-at="2018-09-08T14:46:37Z" finished-at="2018-09-08T14:46:51Z">
          <reporter-output>
          </reporter-output>
        </test-method> <!-- initialsetup -->
        <test-method status="FAIL" signature="Testgotosarees()[pri:2, instance:com.craftsville.qa.Test.TestHomepage@e25b2fe]" name="Testgotosarees" duration-ms="436" started-at="2018-09-08T14:46:51Z" finished-at="2018-09-08T14:46:52Z">
          <exception class="org.openqa.selenium.ElementNotVisibleException">
            <message>
              <![CDATA[element not visible
  (Session info: chrome=68.0.3440.106)
  (Driver info: chromedriver=2.41.578737 (49da6702b16031c40d63e5618de03a32ff6c197e),platform=Windows NT 10.0.17134 x86_64) (WARNING: The server did not provide any stacktrace information)
Command duration or timeout: 0 milliseconds
Build info: version: '3.13.0', revision: '2f0d292', time: '2018-06-25T15:24:21.231Z'
System info: host: 'DESKTOP-EATO90P', ip: '192.168.254.16', os.name: 'Windows 10', os.arch: 'amd64', os.version: '10.0', java.version: '1.8.0_181'
Driver info: org.openqa.selenium.chrome.ChromeDriver
Capabilities {acceptInsecureCerts: false, acceptSslCerts: false, applicationCacheEnabled: false, browserConnectionEnabled: false, browserName: chrome, chrome: {chromedriverVersion: 2.41.578737 (49da6702b16031..., userDataDir: C:\Users\kavitha\AppData\Lo...}, cssSelectorsEnabled: true, databaseEnabled: false, goog:chromeOptions: {debuggerAddress: localhost:49263}, handlesAlerts: true, hasTouchScreen: false, javascriptEnabled: true, locationContextEnabled: true, mobileEmulationEnabled: false, nativeEvents: true, networkConnectionEnabled: false, pageLoadStrategy: normal, platform: XP, platformName: XP, rotatable: false, setWindowRect: true, takesHeapSnapshot: true, takesScreenshot: true, unexpectedAlertBehaviour: , unhandledPromptBehavior: , version: 68.0.3440.106, webStorageEnabled: true}
Session ID: 1e9737995bd651a6c995ca177c514982]]>
            </message>
            <full-stacktrace>
              <![CDATA[org.openqa.selenium.ElementNotVisibleException: element not visible
  (Session info: chrome=68.0.3440.106)
  (Driver info: chromedriver=2.41.578737 (49da6702b16031c40d63e5618de03a32ff6c197e),platform=Windows NT 10.0.17134 x86_64) (WARNING: The server did not provide any stacktrace information)
Command duration or timeout: 0 milliseconds
Build info: version: '3.13.0', revision: '2f0d292', time: '2018-06-25T15:24:21.231Z'
System info: host: 'DESKTOP-EATO90P', ip: '192.168.254.16', os.name: 'Windows 10', os.arch: 'amd64', os.version: '10.0', java.version: '1.8.0_181'
Driver info: org.openqa.selenium.chrome.ChromeDriver
Capabilities {acceptInsecureCerts: false, acceptSslCerts: false, applicationCacheEnabled: false, browserConnectionEnabled: false, browserName: chrome, chrome: {chromedriverVersion: 2.41.578737 (49da6702b16031..., userDataDir: C:\Users\kavitha\AppData\Lo...}, cssSelectorsEnabled: true, databaseEnabled: false, goog:chromeOptions: {debuggerAddress: localhost:49263}, handlesAlerts: true, hasTouchScreen: false, javascriptEnabled: true, locationContextEnabled: true, mobileEmulationEnabled: false, nativeEvents: true, networkConnectionEnabled: false, pageLoadStrategy: normal, platform: XP, platformName: XP, rotatable: false, setWindowRect: true, takesHeapSnapshot: true, takesScreenshot: true, unexpectedAlertBehaviour: , unhandledPromptBehavior: , version: 68.0.3440.106, webStorageEnabled: true}
Session ID: 1e9737995bd651a6c995ca177c514982
at sun.reflect.NativeConstructorAccessorImpl.newInstance0(Native Method)
at sun.reflect.NativeConstructorAccessorImpl.newInstance(Unknown Source)
at sun.reflect.DelegatingConstructorAccessorImpl.newInstance(Unknown Source)
at java.lang.reflect.Constructor.newInstance(Unknown Source)
at org.openqa.selenium.remote.ErrorHandler.createThrowable(ErrorHandler.java:214)
at org.openqa.selenium.remote.ErrorHandler.throwIfResponseFailed(ErrorHandler.java:166)
at org.openqa.selenium.remote.http.JsonHttpResponseCodec.reconstructValue(JsonHttpResponseCodec.java:40)
at org.openqa.selenium.remote.http.AbstractHttpResponseCodec.decode(AbstractHttpResponseCodec.java:80)
at org.openqa.selenium.remote.http.AbstractHttpResponseCodec.decode(AbstractHttpResponseCodec.java:44)
at org.openqa.selenium.remote.HttpCommandExecutor.execute(HttpCommandExecutor.java:158)
at org.openqa.selenium.remote.service.DriverCommandExecutor.execute(DriverCommandExecutor.java:83)
at org.openqa.selenium.remote.RemoteWebDriver.execute(RemoteWebDriver.java:548)
at org.openqa.selenium.remote.RemoteWebElement.execute(RemoteWebElement.java:276)
at org.openqa.selenium.remote.RemoteWebElement.click(RemoteWebElement.java:83)
at sun.reflect.NativeMethodAccessorImpl.invoke0(Native Method)
at sun.reflect.NativeMethodAccessorImpl.invoke(Unknown Source)
at sun.reflect.DelegatingMethodAccessorImpl.invoke(Unknown Source)
at java.lang.reflect.Method.invoke(Unknown Source)
at org.openqa.selenium.support.pagefactory.internal.LocatingElementHandler.invoke(LocatingElementHandler.java:51)
at com.sun.proxy.$Proxy8.click(Unknown Source)
at com.Craftsville.qa.pompages.Homepage.goToSarees(Homepage.java:59)
at com.craftsville.qa.Test.TestHomepage.Testgotosarees(TestHomepage.java:34)
at sun.reflect.NativeMethodAccessorImpl.invoke0(Native Method)
at sun.reflect.NativeMethodAccessorImpl.invoke(Unknown Source)
at sun.reflect.DelegatingMethodAccessorImpl.invoke(Unknown Source)
at java.lang.reflect.Method.invoke(Unknown Source)
at org.testng.internal.MethodInvocationHelper.invokeMethod(MethodInvocationHelper.java:124)
at org.testng.internal.Invoker.invokeMethod(Invoker.java:583)
at org.testng.internal.Invoker.invokeTestMethod(Invoker.java:719)
at org.testng.internal.Invoker.invokeTestMethods(Invoker.java:989)
at org.testng.internal.TestMethodWorker.invokeTestMethods(TestMethodWorker.java:125)
at org.testng.internal.TestMethodWorker.run(TestMethodWorker.java:109)
at org.testng.TestRunner.privateRun(TestRunner.java:648)
at org.testng.TestRunner.run(TestRunner.java:505)
at org.testng.SuiteRunner.runTest(SuiteRunner.java:455)
at org.testng.SuiteRunner.runSequentially(SuiteRunner.java:450)
at org.testng.SuiteRunner.privateRun(SuiteRunner.java:415)
at org.testng.SuiteRunner.run(SuiteRunner.java:364)
at org.testng.SuiteRunnerWorker.runSuite(SuiteRunnerWorker.java:52)
at org.testng.SuiteRunnerWorker.run(SuiteRunnerWorker.java:84)
at org.testng.TestNG.runSuitesSequentially(TestNG.java:1208)
at org.testng.TestNG.runSuitesLocally(TestNG.java:1137)
at org.testng.TestNG.runSuites(TestNG.java:1049)
at org.testng.TestNG.run(TestNG.java:1017)
at org.testng.remote.AbstractRemoteTestNG.run(AbstractRemoteTestNG.java:114)
at org.testng.remote.RemoteTestNG.initAndRun(RemoteTestNG.java:251)
at org.testng.remote.RemoteTestNG.main(RemoteTestNG.java:77)
]]>
            </full-stacktrace>
          </exception> <!-- org.openqa.selenium.ElementNotVisibleException -->
          <reporter-output>
            <line>
              <![CDATA[[[ChromeDriver: chrome on XP (1e9737995bd651a6c995ca177c514982)] -> xpath: //a[@href='/womens-clothing/sarees/?MID=megamenu_sarees_seeall'][1]]found]]>
            </line>
            <line>
              <![CDATA[[[ChromeDriver: chrome on XP (1e9737995bd651a6c995ca177c514982)] -> xpath: //a[@href='/womens-clothing/sarees/?MID=megamenu_sarees_seeall'][1]] mousehovered]]>
            </line>
          </reporter-output>
        </test-method> <!-- Testgotosarees -->
        <test-method status="PASS" signature="initialsetup()[pri:0, instance:com.craftsville.qa.Test.TestHomepage@e25b2fe]" name="initialsetup" is-config="true" duration-ms="10545" started-at="2018-09-08T14:46:52Z" finished-at="2018-09-08T14:47:02Z">
          <reporter-output>
          </reporter-output>
        </test-method> <!-- initialsetup -->
        <test-method status="PASS" signature="Testgotorelegonalsarees()[pri:6, instance:com.craftsville.qa.Test.TestHomepage@e25b2fe]" name="Testgotorelegonalsarees" duration-ms="6124" started-at="2018-09-08T14:47:02Z" finished-at="2018-09-08T14:47:08Z">
          <reporter-output>
            <line>
              <![CDATA[[[ChromeDriver: chrome on XP (ce97d7c987bc60ebced40cfc2128a425)] -> xpath: //a[@href='/womens-clothing/sarees/?MID=megamenu_sarees_seeall'][1]]found]]>
            </line>
            <line>
              <![CDATA[[[ChromeDriver: chrome on XP (ce97d7c987bc60ebced40cfc2128a425)] -> xpath: //a[@href='/womens-clothing/sarees/?MID=megamenu_sarees_seeall'][1]] mousehovered]]>
            </line>
            <line>
              <![CDATA[[[ChromeDriver: chrome on XP (ce97d7c987bc60ebced40cfc2128a425)] -> xpath: //a[@href="https://www.craftsvilla.com/cvfeeds/buy-craftsvilla-women-ethnic-wear-regional-sarees-online"]]found]]>
            </line>
          </reporter-output>
        </test-method> <!-- Testgotorelegonalsarees -->
      </class> <!-- com.craftsville.qa.Test.TestHomepage -->
    </test> <!-- Default test -->
  </suite> <!-- Default suite -->
</testng-results>
