<?xml version="1.0" encoding="UTF-8"?>
<testng-results skipped="0" failed="0" ignored="0" total="1" passed="1">
  <reporter-output>
    <line>
      <![CDATA[[[ChromeDriver: chrome on XP (5b6349f3b1e01546fe0c78f6ce916a80)] -> xpath: //span[text()='Sign In']]found]]>
    </line>
    <line>
      <![CDATA[[[ChromeDriver: chrome on XP (5b6349f3b1e01546fe0c78f6ce916a80)] -> id: emailId]found]]>
    </line>
    <line>
      <![CDATA[[[ChromeDriver: chrome on XP (5b6349f3b1e01546fe0c78f6ce916a80)] -> id: set-password]found]]>
    </line>
    <line>
      <![CDATA[[[ChromeDriver: chrome on XP (5b6349f3b1e01546fe0c78f6ce916a80)] -> xpath: //i[@class='icon first_arrow hidden-xs']]found]]>
    </line>
    <line>
      <![CDATA[[[ChromeDriver: chrome on XP (5b6349f3b1e01546fe0c78f6ce916a80)] -> xpath: //i[@class='icon first_arrow hidden-xs']] mousehovered]]>
    </line>
    <line>
      <![CDATA[[[ChromeDriver: chrome on XP (5b6349f3b1e01546fe0c78f6ce916a80)] -> xpath: //a[@href="https://cvaccount.craftsvilla.com/customer/account/logout"]]found]]>
    </line>
    <line>
      <![CDATA[[[ChromeDriver: chrome on XP (5b6349f3b1e01546fe0c78f6ce916a80)] -> xpath: //span[text()='Sign In']] Not found]]>
    </line>
    <line>
      <![CDATA[[[ChromeDriver: chrome on XP (5b6349f3b1e01546fe0c78f6ce916a80)] -> id: emailId]found]]>
    </line>
    <line>
      <![CDATA[[[ChromeDriver: chrome on XP (5b6349f3b1e01546fe0c78f6ce916a80)] -> id: set-password]found]]>
    </line>
    <line>
      <![CDATA[[[ChromeDriver: chrome on XP (5b6349f3b1e01546fe0c78f6ce916a80)] -> xpath: //i[@class='icon first_arrow hidden-xs']]found]]>
    </line>
    <line>
      <![CDATA[[[ChromeDriver: chrome on XP (5b6349f3b1e01546fe0c78f6ce916a80)] -> xpath: //i[@class='icon first_arrow hidden-xs']] mousehovered]]>
    </line>
    <line>
      <![CDATA[[[ChromeDriver: chrome on XP (5b6349f3b1e01546fe0c78f6ce916a80)] -> xpath: //a[@href="https://cvaccount.craftsvilla.com/customer/account/logout"]]found]]>
    </line>
    <line>
      <![CDATA[[[ChromeDriver: chrome on XP (5b6349f3b1e01546fe0c78f6ce916a80)] -> xpath: //span[text()='Sign In']]found]]>
    </line>
    <line>
      <![CDATA[[[ChromeDriver: chrome on XP (5b6349f3b1e01546fe0c78f6ce916a80)] -> id: emailId]found]]>
    </line>
    <line>
      <![CDATA[[[ChromeDriver: chrome on XP (5b6349f3b1e01546fe0c78f6ce916a80)] -> id: set-password]found]]>
    </line>
    <line>
      <![CDATA[[[ChromeDriver: chrome on XP (5b6349f3b1e01546fe0c78f6ce916a80)] -> xpath: //i[@class='icon first_arrow hidden-xs']]found]]>
    </line>
    <line>
      <![CDATA[[[ChromeDriver: chrome on XP (5b6349f3b1e01546fe0c78f6ce916a80)] -> xpath: //i[@class='icon first_arrow hidden-xs']] mousehovered]]>
    </line>
    <line>
      <![CDATA[[[ChromeDriver: chrome on XP (5b6349f3b1e01546fe0c78f6ce916a80)] -> xpath: //a[@href="https://cvaccount.craftsvilla.com/customer/account/logout"]]found]]>
    </line>
  </reporter-output>
  <suite name="Default suite" duration-ms="52636" started-at="2018-09-04T13:46:58Z" finished-at="2018-09-04T13:47:50Z">
    <groups>
    </groups>
    <test name="Default test" duration-ms="52636" started-at="2018-09-04T13:46:58Z" finished-at="2018-09-04T13:47:50Z">
      <class name="com.craftsville.qa.Test.TestSignupPage">
        <test-method status="PASS" signature="initialsetup()[pri:0, instance:com.craftsville.qa.Test.TestSignupPage@754ba872]" name="initialsetup" is-config="true" duration-ms="7030" started-at="2018-09-04T13:46:58Z" finished-at="2018-09-04T13:47:05Z">
          <reporter-output>
          </reporter-output>
        </test-method> <!-- initialsetup -->
        <test-method status="PASS" signature="TestDatadriven()[pri:1, instance:com.craftsville.qa.Test.TestSignupPage@754ba872]" name="TestDatadriven" duration-ms="45547" started-at="2018-09-04T13:47:05Z" finished-at="2018-09-04T13:47:50Z">
          <reporter-output>
            <line>
              <![CDATA[[[ChromeDriver: chrome on XP (5b6349f3b1e01546fe0c78f6ce916a80)] -> xpath: //span[text()='Sign In']]found]]>
            </line>
            <line>
              <![CDATA[[[ChromeDriver: chrome on XP (5b6349f3b1e01546fe0c78f6ce916a80)] -> id: emailId]found]]>
            </line>
            <line>
              <![CDATA[[[ChromeDriver: chrome on XP (5b6349f3b1e01546fe0c78f6ce916a80)] -> id: set-password]found]]>
            </line>
            <line>
              <![CDATA[[[ChromeDriver: chrome on XP (5b6349f3b1e01546fe0c78f6ce916a80)] -> xpath: //i[@class='icon first_arrow hidden-xs']]found]]>
            </line>
            <line>
              <![CDATA[[[ChromeDriver: chrome on XP (5b6349f3b1e01546fe0c78f6ce916a80)] -> xpath: //i[@class='icon first_arrow hidden-xs']] mousehovered]]>
            </line>
            <line>
              <![CDATA[[[ChromeDriver: chrome on XP (5b6349f3b1e01546fe0c78f6ce916a80)] -> xpath: //a[@href="https://cvaccount.craftsvilla.com/customer/account/logout"]]found]]>
            </line>
            <line>
              <![CDATA[[[ChromeDriver: chrome on XP (5b6349f3b1e01546fe0c78f6ce916a80)] -> xpath: //span[text()='Sign In']] Not found]]>
            </line>
            <line>
              <![CDATA[[[ChromeDriver: chrome on XP (5b6349f3b1e01546fe0c78f6ce916a80)] -> id: emailId]found]]>
            </line>
            <line>
              <![CDATA[[[ChromeDriver: chrome on XP (5b6349f3b1e01546fe0c78f6ce916a80)] -> id: set-password]found]]>
            </line>
            <line>
              <![CDATA[[[ChromeDriver: chrome on XP (5b6349f3b1e01546fe0c78f6ce916a80)] -> xpath: //i[@class='icon first_arrow hidden-xs']]found]]>
            </line>
            <line>
              <![CDATA[[[ChromeDriver: chrome on XP (5b6349f3b1e01546fe0c78f6ce916a80)] -> xpath: //i[@class='icon first_arrow hidden-xs']] mousehovered]]>
            </line>
            <line>
              <![CDATA[[[ChromeDriver: chrome on XP (5b6349f3b1e01546fe0c78f6ce916a80)] -> xpath: //a[@href="https://cvaccount.craftsvilla.com/customer/account/logout"]]found]]>
            </line>
            <line>
              <![CDATA[[[ChromeDriver: chrome on XP (5b6349f3b1e01546fe0c78f6ce916a80)] -> xpath: //span[text()='Sign In']]found]]>
            </line>
            <line>
              <![CDATA[[[ChromeDriver: chrome on XP (5b6349f3b1e01546fe0c78f6ce916a80)] -> id: emailId]found]]>
            </line>
            <line>
              <![CDATA[[[ChromeDriver: chrome on XP (5b6349f3b1e01546fe0c78f6ce916a80)] -> id: set-password]found]]>
            </line>
            <line>
              <![CDATA[[[ChromeDriver: chrome on XP (5b6349f3b1e01546fe0c78f6ce916a80)] -> xpath: //i[@class='icon first_arrow hidden-xs']]found]]>
            </line>
            <line>
              <![CDATA[[[ChromeDriver: chrome on XP (5b6349f3b1e01546fe0c78f6ce916a80)] -> xpath: //i[@class='icon first_arrow hidden-xs']] mousehovered]]>
            </line>
            <line>
              <![CDATA[[[ChromeDriver: chrome on XP (5b6349f3b1e01546fe0c78f6ce916a80)] -> xpath: //a[@href="https://cvaccount.craftsvilla.com/customer/account/logout"]]found]]>
            </line>
          </reporter-output>
        </test-method> <!-- TestDatadriven -->
        <test-method status="FAIL" signature="teardown()[pri:0, instance:com.craftsville.qa.Test.TestSignupPage@754ba872]" name="teardown" is-config="true" duration-ms="0" started-at="2018-09-04T13:47:50Z" finished-at="2018-09-04T13:47:50Z">
          <exception class="java.lang.NullPointerException">
            <full-stacktrace>
              <![CDATA[java.lang.NullPointerException
at com.craftsville.qa.Test.TestSignupPage.teardown(TestSignupPage.java:78)
at sun.reflect.NativeMethodAccessorImpl.invoke0(Native Method)
at sun.reflect.NativeMethodAccessorImpl.invoke(Unknown Source)
at sun.reflect.DelegatingMethodAccessorImpl.invoke(Unknown Source)
at java.lang.reflect.Method.invoke(Unknown Source)
at org.testng.internal.MethodInvocationHelper.invokeMethod(MethodInvocationHelper.java:124)
at org.testng.internal.MethodInvocationHelper.invokeMethodConsideringTimeout(MethodInvocationHelper.java:59)
at org.testng.internal.Invoker.invokeConfigurationMethod(Invoker.java:458)
at org.testng.internal.Invoker.invokeConfigurations(Invoker.java:222)
at org.testng.internal.Invoker.invokeMethod(Invoker.java:646)
at org.testng.internal.Invoker.invokeTestMethod(Invoker.java:719)
at org.testng.internal.Invoker.invokeTestMethods(Invoker.java:989)
at org.testng.internal.TestMethodWorker.invokeTestMethods(TestMethodWorker.java:125)
at org.testng.internal.TestMethodWorker.run(TestMethodWorker.java:109)
at org.testng.TestRunner.privateRun(TestRunner.java:648)
at org.testng.TestRunner.run(TestRunner.java:505)
at org.testng.SuiteRunner.runTest(SuiteRunner.java:455)
at org.testng.SuiteRunner.runSequentially(SuiteRunner.java:450)
at org.testng.SuiteRunner.privateRun(SuiteRunner.java:415)
at org.testng.SuiteRunner.run(SuiteRunner.java:364)
at org.testng.SuiteRunnerWorker.runSuite(SuiteRunnerWorker.java:52)
at org.testng.SuiteRunnerWorker.run(SuiteRunnerWorker.java:84)
at org.testng.TestNG.runSuitesSequentially(TestNG.java:1208)
at org.testng.TestNG.runSuitesLocally(TestNG.java:1137)
at org.testng.TestNG.runSuites(TestNG.java:1049)
at org.testng.TestNG.run(TestNG.java:1017)
at org.testng.remote.AbstractRemoteTestNG.run(AbstractRemoteTestNG.java:114)
at org.testng.remote.RemoteTestNG.initAndRun(RemoteTestNG.java:251)
at org.testng.remote.RemoteTestNG.main(RemoteTestNG.java:77)
]]>
            </full-stacktrace>
          </exception> <!-- java.lang.NullPointerException -->
          <reporter-output>
          </reporter-output>
        </test-method> <!-- teardown -->
      </class> <!-- com.craftsville.qa.Test.TestSignupPage -->
    </test> <!-- Default test -->
  </suite> <!-- Default suite -->
</testng-results>
